<?xml version="1.0" encoding="UTF-8"?>
<testng-results total="1" passed="1" failed="0" skipped="0">
  <reporter-output>
  </reporter-output>
  <suite started-at="2020-04-13T17:42:28Z" name="Suite" finished-at="2020-04-13T17:42:35Z" duration-ms="7349">
    <groups>
    </groups>
    <test started-at="2020-04-13T17:42:28Z" name="Test" finished-at="2020-04-13T17:42:35Z" duration-ms="7349">
      <class name="naresh.first.framework.FirstMavenProject.NewTest">
        <test-method is-config="true" signature="beforeClass()[pri:0, instance:naresh.first.framework.FirstMavenProject.NewTest@fbd1f6]" started-at="2020-04-13T18:42:28Z" name="beforeClass" finished-at="2020-04-13T18:42:33Z" duration-ms="4442" status="PASS">
          <reporter-output>
          </reporter-output>
        </test-method> <!-- beforeClass -->
        <test-method signature="GoogleExample()[pri:0, instance:naresh.first.framework.FirstMavenProject.NewTest@fbd1f6]" started-at="2020-04-13T18:42:33Z" name="GoogleExample" finished-at="2020-04-13T18:42:35Z" duration-ms="2075" status="PASS">
          <reporter-output>
          </reporter-output>
        </test-method> <!-- GoogleExample -->
        <test-method is-config="true" signature="afterClass()[pri:0, instance:naresh.first.framework.FirstMavenProject.NewTest@fbd1f6]" started-at="2020-04-13T18:42:35Z" name="afterClass" finished-at="2020-04-13T18:42:35Z" duration-ms="805" status="PASS">
          <reporter-output>
          </reporter-output>
        </test-method> <!-- afterClass -->
      </class> <!-- naresh.first.framework.FirstMavenProject.NewTest -->
    </test> <!-- Test -->
  </suite> <!-- Suite -->
</testng-results>
